<?xml version="1.0" encoding="UTF-8"?>
<testsuite name="com.chalykhLaboratory.chalykhBlog.ChalykhBlogApplicationTests" tests="1" skipped="0" failures="0" errors="0" timestamp="2023-10-27T15:13:24" hostname="landlord53-MS-7D42" time="0.406">
  <properties/>
  <testcase name="contextLoads()" classname="com.chalykhLaboratory.chalykhBlog.ChalykhBlogApplicationTests" time="0.406"/>
  <system-out><![CDATA[18:13:24.031 [Test worker] INFO org.springframework.test.context.support.AnnotationConfigContextLoaderUtils -- Could not detect default configuration classes for test class [com.chalykhLaboratory.chalykhBlog.ChalykhBlogApplicationTests]: ChalykhBlogApplicationTests does not declare any static, non-private, non-final, nested classes annotated with @Configuration.
18:13:24.071 [Test worker] INFO org.springframework.boot.test.context.SpringBootTestContextBootstrapper -- Found @SpringBootConfiguration com.chalykhLaboratory.chalykhBlog.ChalykhBlogApplication for test class com.chalykhLaboratory.chalykhBlog.ChalykhBlogApplicationTests

  .   ____          _            __ _ _
 /\\ / ___'_ __ _ _(_)_ __  __ _ \ \ \ \
( ( )\___ | '_ | '_| | '_ \/ _` | \ \ \ \
 \\/  ___)| |_)| | | | | || (_| |  ) ) ) )
  '  |____| .__|_| |_|_| |_\__, | / / / /
 =========|_|==============|___/=/_/_/_/
 :: Spring Boot ::                (v3.1.5)

2023-10-27T18:13:24.219+03:00  INFO 19091 --- [    Test worker] c.c.c.ChalykhBlogApplicationTests        : Starting ChalykhBlogApplicationTests using Java 20.0.1 with PID 19091 (started by landlord53 in /home/landlord53/IdeaProjects/Chalykh_Blog)
2023-10-27T18:13:24.220+03:00  INFO 19091 --- [    Test worker] c.c.c.ChalykhBlogApplicationTests        : No active profile set, falling back to 1 default profile: "default"
2023-10-27T18:13:24.445+03:00  INFO 19091 --- [    Test worker] c.c.c.ChalykhBlogApplicationTests        : Started ChalykhBlogApplicationTests in 0.322 seconds (process running for 0.752)
]]></system-out>
  <system-err><![CDATA[]]></system-err>
</testsuite>
